# JRE version: OpenJDK Runtime Environment (8.0_242-b01) (build 1.8.0_242-release-1644-b01)
# Java VM: OpenJDK 64-Bit Server VM (25.242-b01 mixed mode windows-amd64 compressed oops)
Heap:
 PSYoungGen      total 349696K, used 191617K [0x00000000e0000000, 0x0000000100000000, 0x0000000100000000)
  eden space 175104K, 9% used [0x00000000e0000000,0x00000000e10a39f0,0x00000000eab00000)
  from space 174592K, 99% used [0x00000000eab00000,0x00000000f557cc40,0x00000000f5580000)
  to   space 174592K, 0% used [0x00000000f5580000,0x00000000f5580000,0x0000000100000000)
 ParOldGen       total 602624K, used 549489K [0x00000000a0000000, 0x00000000c4c80000, 0x00000000e0000000)
  object space 602624K, 91% used [0x00000000a0000000,0x00000000c189c788,0x00000000c4c80000)
 Metaspace       used 311756K, capacity 324899K, committed 325312K, reserved 1333248K
  class space    used 38628K, capacity 41300K, committed 41408K, reserved 1048576K
GC Heap History (10 events):
Event: 1049.020 GC heap before
{Heap before GC invocations=82 (full 7):
 PSYoungGen      total 344064K, used 333375K [0x00000000e0000000, 0x0000000100000000, 0x0000000100000000)
  eden space 203776K, 100% used [0x00000000e0000000,0x00000000ec700000,0x00000000ec700000)
  from space 140288K, 92% used [0x00000000f7700000,0x00000000ff58fe58,0x0000000100000000)
  to   space 160256K, 0% used [0x00000000ec700000,0x00000000ec700000,0x00000000f6380000)
 ParOldGen       total 602624K, used 503836K [0x00000000a0000000, 0x00000000c4c80000, 0x00000000e0000000)
  object space 602624K, 83% used [0x00000000a0000000,0x00000000bec07390,0x00000000c4c80000)
 Metaspace       used 301801K, capacity 314839K, committed 315072K, reserved 1325056K
  class space    used 37394K, capacity 40054K, committed 40128K, reserved 1048576K
Event: 1049.147 GC heap after
Heap after GC invocations=82 (full 7):
 PSYoungGen      total 344576K, used 140486K [0x00000000e0000000, 0x0000000100000000, 0x0000000100000000)
  eden space 203776K, 0% used [0x00000000e0000000,0x00000000e0000000,0x00000000ec700000)
  from space 140800K, 99% used [0x00000000ec700000,0x00000000f5031a68,0x00000000f5080000)
  to   space 174592K, 0% used [0x00000000f5580000,0x00000000f5580000,0x0000000100000000)
 ParOldGen       total 602624K, used 503844K [0x00000000a0000000, 0x00000000c4c80000, 0x00000000e0000000)
  object space 602624K, 83% used [0x00000000a0000000,0x00000000bec09390,0x00000000c4c80000)
 Metaspace       used 301801K, capacity 314839K, committed 315072K, reserved 1325056K
  class space    used 37394K, capacity 40054K, committed 40128K, reserved 1048576K
}
Event: 1053.086 GC heap before
{Heap before GC invocations=83 (full 7):
 PSYoungGen      total 344576K, used 344262K [0x00000000e0000000, 0x0000000100000000, 0x0000000100000000)
  eden space 203776K, 100% used [0x00000000e0000000,0x00000000ec700000,0x00000000ec700000)
  from space 140800K, 99% used [0x00000000ec700000,0x00000000f5031a68,0x00000000f5080000)
  to   space 174592K, 0% used [0x00000000f5580000,0x00000000f5580000,0x0000000100000000)
 ParOldGen       total 602624K, used 503844K [0x00000000a0000000, 0x00000000c4c80000, 0x00000000e0000000)
  object space 602624K, 83% used [0x00000000a0000000,0x00000000bec09390,0x00000000c4c80000)
 Metaspace       used 302313K, capacity 315305K, committed 315584K, reserved 1325056K
  class space    used 37401K, capacity 40057K, committed 40128K, reserved 1048576K
Event: 1053.251 GC heap after
Heap after GC invocations=83 (full 7):
 PSYoungGen      total 349696K, used 160524K [0x00000000e0000000, 0x0000000100000000, 0x0000000100000000)
  eden space 175104K, 0% used [0x00000000e0000000,0x00000000e0000000,0x00000000eab00000)
  from space 174592K, 91% used [0x00000000f5580000,0x00000000ff243290,0x0000000100000000)
  to   space 174592K, 0% used [0x00000000eab00000,0x00000000eab00000,0x00000000f5580000)
 ParOldGen       total 602624K, used 504468K [0x00000000a0000000, 0x00000000c4c80000, 0x00000000e0000000)
  object space 602624K, 83% used [0x00000000a0000000,0x00000000beca5390,0x00000000c4c80000)
 Metaspace       used 302313K, capacity 315305K, committed 315584K, reserved 1325056K
  class space    used 37401K, capacity 40057K, committed 40128K, reserved 1048576K
}
Event: 1056.803 GC heap before
{Heap before GC invocations=84 (full 7):
 PSYoungGen      total 349696K, used 335628K [0x00000000e0000000, 0x0000000100000000, 0x0000000100000000)
  eden space 175104K, 100% used [0x00000000e0000000,0x00000000eab00000,0x00000000eab00000)
  from space 174592K, 91% used [0x00000000f5580000,0x00000000ff243290,0x0000000100000000)
  to   space 174592K, 0% used [0x00000000eab00000,0x00000000eab00000,0x00000000f5580000)
 ParOldGen       total 602624K, used 504468K [0x00000000a0000000, 0x00000000c4c80000, 0x00000000e0000000)
  object space 602624K, 83% used [0x00000000a0000000,0x00000000beca5390,0x00000000c4c80000)
 Metaspace       used 309037K, capacity 322185K, committed 322496K, reserved 1331200K
  class space    used 38355K, capacity 41037K, committed 41152K, reserved 1048576K
Event: 1057.038 GC heap after
Heap after GC invocations=84 (full 7):
 PSYoungGen      total 349696K, used 169216K [0x00000000e0000000, 0x0000000100000000, 0x0000000100000000)
  eden space 175104K, 0% used [0x00000000e0000000,0x00000000e0000000,0x00000000eab00000)
  from space 174592K, 96% used [0x00000000eab00000,0x00000000f5040308,0x00000000f5580000)
  to   space 174592K, 0% used [0x00000000f5580000,0x00000000f5580000,0x0000000100000000)
 ParOldGen       total 602624K, used 505084K [0x00000000a0000000, 0x00000000c4c80000, 0x00000000e0000000)
  object space 602624K, 83% used [0x00000000a0000000,0x00000000bed3f390,0x00000000c4c80000)
 Metaspace       used 309037K, capacity 322185K, committed 322496K, reserved 1331200K
  class space    used 38355K, capacity 41037K, committed 41152K, reserved 1048576K
}
Event: 1059.886 GC heap before
{Heap before GC invocations=85 (full 7):
 PSYoungGen      total 349696K, used 344320K [0x00000000e0000000, 0x0000000100000000, 0x0000000100000000)
  eden space 175104K, 100% used [0x00000000e0000000,0x00000000eab00000,0x00000000eab00000)
  from space 174592K, 96% used [0x00000000eab00000,0x00000000f5040308,0x00000000f5580000)
  to   space 174592K, 0% used [0x00000000f5580000,0x00000000f5580000,0x0000000100000000)
 ParOldGen       total 602624K, used 505084K [0x00000000a0000000, 0x00000000c4c80000, 0x00000000e0000000)
  object space 602624K, 83% used [0x00000000a0000000,0x00000000bed3f390,0x00000000c4c80000)
 Metaspace       used 310614K, capacity 323779K, committed 324160K, reserved 1333248K
  class space    used 38519K, capacity 41200K, committed 41280K, reserved 1048576K
Event: 1060.098 GC heap after
Heap after GC invocations=85 (full 7):
 PSYoungGen      total 349696K, used 174573K [0x00000000e0000000, 0x0000000100000000, 0x0000000100000000)
  eden space 175104K, 0% used [0x00000000e0000000,0x00000000e0000000,0x00000000eab00000)
  from space 174592K, 99% used [0x00000000f5580000,0x00000000ffffb7e8,0x0000000100000000)
  to   space 174592K, 0% used [0x00000000eab00000,0x00000000eab00000,0x00000000f5580000)
 ParOldGen       total 602624K, used 510718K [0x00000000a0000000, 0x00000000c4c80000, 0x00000000e0000000)
  object space 602624K, 84% used [0x00000000a0000000,0x00000000bf2bfbf0,0x00000000c4c80000)
 Metaspace       used 310614K, capacity 323779K, committed 324160K, reserved 1333248K
  class space    used 38519K, capacity 41200K, committed 41280K, reserved 1048576K
}
Event: 1063.119 GC heap before
{Heap before GC invocations=86 (full 7):
 PSYoungGen      total 349696K, used 349677K [0x00000000e0000000, 0x0000000100000000, 0x0000000100000000)
  eden space 175104K, 100% used [0x00000000e0000000,0x00000000eab00000,0x00000000eab00000)
  from space 174592K, 99% used [0x00000000f5580000,0x00000000ffffb7e8,0x0000000100000000)
  to   space 174592K, 0% used [0x00000000eab00000,0x00000000eab00000,0x00000000f5580000)
 ParOldGen       total 602624K, used 510718K [0x00000000a0000000, 0x00000000c4c80000, 0x00000000e0000000)
  object space 602624K, 84% used [0x00000000a0000000,0x00000000bf2bfbf0,0x00000000c4c80000)
 Metaspace       used 311753K, capacity 324899K, committed 325312K, reserved 1333248K
  class space    used 38628K, capacity 41300K, committed 41408K, reserved 1048576K
Event: 1063.369 GC heap after
Heap after GC invocations=86 (full 7):
 PSYoungGen      total 349696K, used 174579K [0x00000000e0000000, 0x0000000100000000, 0x0000000100000000)
  eden space 175104K, 0% used [0x00000000e0000000,0x00000000e0000000,0x00000000eab00000)
  from space 174592K, 99% used [0x00000000eab00000,0x00000000f557cc40,0x00000000f5580000)
  to   space 174592K, 0% used [0x00000000f5580000,0x00000000f5580000,0x0000000100000000)
 ParOldGen       total 602624K, used 549489K [0x00000000a0000000, 0x00000000c4c80000, 0x00000000e0000000)
  object space 602624K, 91% used [0x00000000a0000000,0x00000000c189c788,0x00000000c4c80000)
 Metaspace       used 311753K, capacity 324899K, committed 325312K, reserved 1333248K
  class space    used 38628K, capacity 41300K, committed 41408K, reserved 1048576K
}

