# JRE version: OpenJDK Runtime Environment (8.0_242-b01) (build 1.8.0_242-release-1644-b01)
# Java VM: OpenJDK 64-Bit Server VM (25.242-b01 mixed mode windows-amd64 compressed oops)
Heap:
 PSYoungGen      total 272896K, used 213231K [0x00000000e0000000, 0x00000000f3680000, 0x0000000100000000)
  eden space 246272K, 75% used [0x00000000e0000000,0x00000000eb642558,0x00000000ef080000)
  from space 26624K, 99% used [0x00000000f1180000,0x00000000f2b79790,0x00000000f2b80000)
  to   space 33792K, 0% used [0x00000000ef080000,0x00000000ef080000,0x00000000f1180000)
 ParOldGen       total 145408K, used 51944K [0x00000000a0000000, 0x00000000a8e00000, 0x00000000e0000000)
  object space 145408K, 35% used [0x00000000a0000000,0x00000000a32ba008,0x00000000a8e00000)
 Metaspace       used 72720K, capacity 75628K, committed 75864K, reserved 1114112K
  class space    used 9640K, capacity 10336K, committed 10368K, reserved 1048576K
GC Heap History (10 events):
Event: 9.462 GC heap before
{Heap before GC invocations=11 (full 2):
 PSYoungGen      total 187904K, used 175104K [0x00000000e0000000, 0x00000000eeb00000, 0x0000000100000000)
  eden space 175104K, 100% used [0x00000000e0000000,0x00000000eab00000,0x00000000eab00000)
  from space 12800K, 0% used [0x00000000eb880000,0x00000000eb880000,0x00000000ec500000)
  to   space 13824K, 0% used [0x00000000eab00000,0x00000000eab00000,0x00000000eb880000)
 ParOldGen       total 89600K, used 18756K [0x00000000a0000000, 0x00000000a5780000, 0x00000000e0000000)
  object space 89600K, 20% used [0x00000000a0000000,0x00000000a1251078,0x00000000a5780000)
 Metaspace       used 49659K, capacity 51074K, committed 51200K, reserved 1093632K
  class space    used 6681K, capacity 7085K, committed 7168K, reserved 1048576K
Event: 9.485 GC heap after
Heap after GC invocations=11 (full 2):
 PSYoungGen      total 188928K, used 13807K [0x00000000e0000000, 0x00000000f0200000, 0x0000000100000000)
  eden space 175104K, 0% used [0x00000000e0000000,0x00000000e0000000,0x00000000eab00000)
  from space 13824K, 99% used [0x00000000eab00000,0x00000000eb87bec8,0x00000000eb880000)
  to   space 18944K, 0% used [0x00000000eef80000,0x00000000eef80000,0x00000000f0200000)
 ParOldGen       total 89600K, used 26598K [0x00000000a0000000, 0x00000000a5780000, 0x00000000e0000000)
  object space 89600K, 29% used [0x00000000a0000000,0x00000000a19f9910,0x00000000a5780000)
 Metaspace       used 49659K, capacity 51074K, committed 51200K, reserved 1093632K
  class space    used 6681K, capacity 7085K, committed 7168K, reserved 1048576K
}
Event: 11.107 GC heap before
{Heap before GC invocations=12 (full 2):
 PSYoungGen      total 188928K, used 118957K [0x00000000e0000000, 0x00000000f0200000, 0x0000000100000000)
  eden space 175104K, 60% used [0x00000000e0000000,0x00000000e66af658,0x00000000eab00000)
  from space 13824K, 99% used [0x00000000eab00000,0x00000000eb87bec8,0x00000000eb880000)
  to   space 18944K, 0% used [0x00000000eef80000,0x00000000eef80000,0x00000000f0200000)
 ParOldGen       total 89600K, used 26598K [0x00000000a0000000, 0x00000000a5780000, 0x00000000e0000000)
  object space 89600K, 29% used [0x00000000a0000000,0x00000000a19f9910,0x00000000a5780000)
 Metaspace       used 56954K, capacity 58994K, committed 59096K, reserved 1099776K
  class space    used 7641K, capacity 8187K, committed 8192K, reserved 1048576K
Event: 11.161 GC heap after
Heap after GC invocations=12 (full 2):
 PSYoungGen      total 240640K, used 18932K [0x00000000e0000000, 0x00000000f1080000, 0x0000000100000000)
  eden space 221696K, 0% used [0x00000000e0000000,0x00000000e0000000,0x00000000ed880000)
  from space 18944K, 99% used [0x00000000eef80000,0x00000000f01fd320,0x00000000f0200000)
  to   space 23552K, 0% used [0x00000000ed880000,0x00000000ed880000,0x00000000eef80000)
 ParOldGen       total 89600K, used 32636K [0x00000000a0000000, 0x00000000a5780000, 0x00000000e0000000)
  object space 89600K, 36% used [0x00000000a0000000,0x00000000a1fdf3d0,0x00000000a5780000)
 Metaspace       used 56954K, capacity 58994K, committed 59096K, reserved 1099776K
  class space    used 7641K, capacity 8187K, committed 8192K, reserved 1048576K
}
Event: 11.162 GC heap before
{Heap before GC invocations=13 (full 3):
 PSYoungGen      total 240640K, used 18932K [0x00000000e0000000, 0x00000000f1080000, 0x0000000100000000)
  eden space 221696K, 0% used [0x00000000e0000000,0x00000000e0000000,0x00000000ed880000)
  from space 18944K, 99% used [0x00000000eef80000,0x00000000f01fd320,0x00000000f0200000)
  to   space 23552K, 0% used [0x00000000ed880000,0x00000000ed880000,0x00000000eef80000)
 ParOldGen       total 89600K, used 32636K [0x00000000a0000000, 0x00000000a5780000, 0x00000000e0000000)
  object space 89600K, 36% used [0x00000000a0000000,0x00000000a1fdf3d0,0x00000000a5780000)
 Metaspace       used 56954K, capacity 58994K, committed 59096K, reserved 1099776K
  class space    used 7641K, capacity 8187K, committed 8192K, reserved 1048576K
Event: 11.930 GC heap after
Heap after GC invocations=13 (full 3):
 PSYoungGen      total 240640K, used 0K [0x00000000e0000000, 0x00000000f1080000, 0x0000000100000000)
  eden space 221696K, 0% used [0x00000000e0000000,0x00000000e0000000,0x00000000ed880000)
  from space 18944K, 0% used [0x00000000eef80000,0x00000000eef80000,0x00000000f0200000)
  to   space 23552K, 0% used [0x00000000ed880000,0x00000000ed880000,0x00000000eef80000)
 ParOldGen       total 145408K, used 42590K [0x00000000a0000000, 0x00000000a8e00000, 0x00000000e0000000)
  object space 145408K, 29% used [0x00000000a0000000,0x00000000a2997a78,0x00000000a8e00000)
 Metaspace       used 56954K, capacity 58994K, committed 59096K, reserved 1099776K
  class space    used 7641K, capacity 8187K, committed 8192K, reserved 1048576K
}
Event: 15.158 GC heap before
{Heap before GC invocations=14 (full 3):
 PSYoungGen      total 240640K, used 221696K [0x00000000e0000000, 0x00000000f1080000, 0x0000000100000000)
  eden space 221696K, 100% used [0x00000000e0000000,0x00000000ed880000,0x00000000ed880000)
  from space 18944K, 0% used [0x00000000eef80000,0x00000000eef80000,0x00000000f0200000)
  to   space 23552K, 0% used [0x00000000ed880000,0x00000000ed880000,0x00000000eef80000)
 ParOldGen       total 145408K, used 42590K [0x00000000a0000000, 0x00000000a8e00000, 0x00000000e0000000)
  object space 145408K, 29% used [0x00000000a0000000,0x00000000a2997a78,0x00000000a8e00000)
 Metaspace       used 64283K, capacity 66810K, committed 67160K, reserved 1107968K
  class space    used 8595K, capacity 9217K, committed 9344K, reserved 1048576K
Event: 15.203 GC heap after
Heap after GC invocations=14 (full 3):
 PSYoungGen      total 245248K, used 22464K [0x00000000e0000000, 0x00000000f2b80000, 0x0000000100000000)
  eden space 221696K, 0% used [0x00000000e0000000,0x00000000e0000000,0x00000000ed880000)
  from space 23552K, 95% used [0x00000000ed880000,0x00000000eee70088,0x00000000eef80000)
  to   space 26624K, 0% used [0x00000000f1180000,0x00000000f1180000,0x00000000f2b80000)
 ParOldGen       total 145408K, used 42598K [0x00000000a0000000, 0x00000000a8e00000, 0x00000000e0000000)
  object space 145408K, 29% used [0x00000000a0000000,0x00000000a2999a78,0x00000000a8e00000)
 Metaspace       used 64283K, capacity 66810K, committed 67160K, reserved 1107968K
  class space    used 8595K, capacity 9217K, committed 9344K, reserved 1048576K
}
Event: 23.423 GC heap before
{Heap before GC invocations=15 (full 3):
 PSYoungGen      total 245248K, used 244160K [0x00000000e0000000, 0x00000000f2b80000, 0x0000000100000000)
  eden space 221696K, 100% used [0x00000000e0000000,0x00000000ed880000,0x00000000ed880000)
  from space 23552K, 95% used [0x00000000ed880000,0x00000000eee70088,0x00000000eef80000)
  to   space 26624K, 0% used [0x00000000f1180000,0x00000000f1180000,0x00000000f2b80000)
 ParOldGen       total 145408K, used 42598K [0x00000000a0000000, 0x00000000a8e00000, 0x00000000e0000000)
  object space 145408K, 29% used [0x00000000a0000000,0x00000000a2999a78,0x00000000a8e00000)
 Metaspace       used 70587K, capacity 73352K, committed 73560K, reserved 1112064K
  class space    used 9353K, capacity 10038K, committed 10112K, reserved 1048576K
Event: 23.500 GC heap after
Heap after GC invocations=15 (full 3):
 PSYoungGen      total 272896K, used 26597K [0x00000000e0000000, 0x00000000f3680000, 0x0000000100000000)
  eden space 246272K, 0% used [0x00000000e0000000,0x00000000e0000000,0x00000000ef080000)
  from space 26624K, 99% used [0x00000000f1180000,0x00000000f2b79790,0x00000000f2b80000)
  to   space 33792K, 0% used [0x00000000ef080000,0x00000000ef080000,0x00000000f1180000)
 ParOldGen       total 145408K, used 51944K [0x00000000a0000000, 0x00000000a8e00000, 0x00000000e0000000)
  object space 145408K, 35% used [0x00000000a0000000,0x00000000a32ba008,0x00000000a8e00000)
 Metaspace       used 70587K, capacity 73352K, committed 73560K, reserved 1112064K
  class space    used 9353K, capacity 10038K, committed 10112K, reserved 1048576K
}

