# JRE version: OpenJDK Runtime Environment (8.0_242-b01) (build 1.8.0_242-release-1644-b01)
# Java VM: OpenJDK 64-Bit Server VM (25.242-b01 mixed mode windows-amd64 compressed oops)
Heap:
 PSYoungGen      total 312320K, used 91355K [0x00000000e0000000, 0x00000000f7580000, 0x0000000100000000)
  eden space 267776K, 17% used [0x00000000e0000000,0x00000000e2dbd5e8,0x00000000f0580000)
  from space 44544K, 99% used [0x00000000f3a80000,0x00000000f65f98e0,0x00000000f6600000)
  to   space 54272K, 0% used [0x00000000f0580000,0x00000000f0580000,0x00000000f3a80000)
 ParOldGen       total 139264K, used 116430K [0x00000000a0000000, 0x00000000a8800000, 0x00000000e0000000)
  object space 139264K, 83% used [0x00000000a0000000,0x00000000a71b3b90,0x00000000a8800000)
 Metaspace       used 114890K, capacity 118831K, committed 119256K, reserved 1153024K
  class space    used 14602K, capacity 15496K, committed 15616K, reserved 1048576K
GC Heap History (10 events):
Event: 17.313 GC heap before
{Heap before GC invocations=18 (full 3):
 PSYoungGen      total 228352K, used 228337K [0x00000000e0000000, 0x00000000f0b80000, 0x0000000100000000)
  eden space 206848K, 100% used [0x00000000e0000000,0x00000000eca00000,0x00000000eca00000)
  from space 21504K, 99% used [0x00000000ee680000,0x00000000efb7c770,0x00000000efb80000)
  to   space 29184K, 0% used [0x00000000eca00000,0x00000000eca00000,0x00000000ee680000)
 ParOldGen       total 139264K, used 52252K [0x00000000a0000000, 0x00000000a8800000, 0x00000000e0000000)
  object space 139264K, 37% used [0x00000000a0000000,0x00000000a3307358,0x00000000a8800000)
 Metaspace       used 71172K, capacity 73958K, committed 74200K, reserved 1114112K
  class space    used 9438K, capacity 10137K, committed 10240K, reserved 1048576K
Event: 17.355 GC heap after
Heap after GC invocations=18 (full 3):
 PSYoungGen      total 236032K, used 28248K [0x00000000e0000000, 0x00000000f3500000, 0x0000000100000000)
  eden space 206848K, 0% used [0x00000000e0000000,0x00000000e0000000,0x00000000eca00000)
  from space 29184K, 96% used [0x00000000eca00000,0x00000000ee596118,0x00000000ee680000)
  to   space 33280K, 0% used [0x00000000f1480000,0x00000000f1480000,0x00000000f3500000)
 ParOldGen       total 139264K, used 63132K [0x00000000a0000000, 0x00000000a8800000, 0x00000000e0000000)
  object space 139264K, 45% used [0x00000000a0000000,0x00000000a3da7100,0x00000000a8800000)
 Metaspace       used 71172K, capacity 73958K, committed 74200K, reserved 1114112K
  class space    used 9438K, capacity 10137K, committed 10240K, reserved 1048576K
}
Event: 21.655 GC heap before
{Heap before GC invocations=19 (full 3):
 PSYoungGen      total 236032K, used 235096K [0x00000000e0000000, 0x00000000f3500000, 0x0000000100000000)
  eden space 206848K, 100% used [0x00000000e0000000,0x00000000eca00000,0x00000000eca00000)
  from space 29184K, 96% used [0x00000000eca00000,0x00000000ee596118,0x00000000ee680000)
  to   space 33280K, 0% used [0x00000000f1480000,0x00000000f1480000,0x00000000f3500000)
 ParOldGen       total 139264K, used 63132K [0x00000000a0000000, 0x00000000a8800000, 0x00000000e0000000)
  object space 139264K, 45% used [0x00000000a0000000,0x00000000a3da7100,0x00000000a8800000)
 Metaspace       used 83330K, capacity 86943K, committed 87128K, reserved 1124352K
  class space    used 10794K, capacity 11574K, committed 11648K, reserved 1048576K
Event: 21.701 GC heap after
Heap after GC invocations=19 (full 3):
 PSYoungGen      total 273408K, used 33264K [0x00000000e0000000, 0x00000000f4580000, 0x0000000100000000)
  eden space 240128K, 0% used [0x00000000e0000000,0x00000000e0000000,0x00000000eea80000)
  from space 33280K, 99% used [0x00000000f1480000,0x00000000f34fc190,0x00000000f3500000)
  to   space 43008K, 0% used [0x00000000eea80000,0x00000000eea80000,0x00000000f1480000)
 ParOldGen       total 139264K, used 74642K [0x00000000a0000000, 0x00000000a8800000, 0x00000000e0000000)
  object space 139264K, 53% used [0x00000000a0000000,0x00000000a48e4858,0x00000000a8800000)
 Metaspace       used 83330K, capacity 86943K, committed 87128K, reserved 1124352K
  class space    used 10794K, capacity 11574K, committed 11648K, reserved 1048576K
}
Event: 23.476 GC heap before
{Heap before GC invocations=20 (full 3):
 PSYoungGen      total 273408K, used 119031K [0x00000000e0000000, 0x00000000f4580000, 0x0000000100000000)
  eden space 240128K, 35% used [0x00000000e0000000,0x00000000e53c1aa8,0x00000000eea80000)
  from space 33280K, 99% used [0x00000000f1480000,0x00000000f34fc190,0x00000000f3500000)
  to   space 43008K, 0% used [0x00000000eea80000,0x00000000eea80000,0x00000000f1480000)
 ParOldGen       total 139264K, used 74642K [0x00000000a0000000, 0x00000000a8800000, 0x00000000e0000000)
  object space 139264K, 53% used [0x00000000a0000000,0x00000000a48e4858,0x00000000a8800000)
 Metaspace       used 94795K, capacity 98315K, committed 98496K, reserved 1134592K
  class space    used 12382K, capacity 13161K, committed 13184K, reserved 1048576K
Event: 23.535 GC heap after
Heap after GC invocations=20 (full 3):
 PSYoungGen      total 283136K, used 28411K [0x00000000e0000000, 0x00000000f6600000, 0x0000000100000000)
  eden space 240128K, 0% used [0x00000000e0000000,0x00000000e0000000,0x00000000eea80000)
  from space 43008K, 66% used [0x00000000eea80000,0x00000000f063ee68,0x00000000f1480000)
  to   space 44544K, 0% used [0x00000000f3a80000,0x00000000f3a80000,0x00000000f6600000)
 ParOldGen       total 139264K, used 97668K [0x00000000a0000000, 0x00000000a8800000, 0x00000000e0000000)
  object space 139264K, 70% used [0x00000000a0000000,0x00000000a5f612c0,0x00000000a8800000)
 Metaspace       used 94795K, capacity 98315K, committed 98496K, reserved 1134592K
  class space    used 12382K, capacity 13161K, committed 13184K, reserved 1048576K
}
Event: 23.535 GC heap before
{Heap before GC invocations=21 (full 4):
 PSYoungGen      total 283136K, used 28411K [0x00000000e0000000, 0x00000000f6600000, 0x0000000100000000)
  eden space 240128K, 0% used [0x00000000e0000000,0x00000000e0000000,0x00000000eea80000)
  from space 43008K, 66% used [0x00000000eea80000,0x00000000f063ee68,0x00000000f1480000)
  to   space 44544K, 0% used [0x00000000f3a80000,0x00000000f3a80000,0x00000000f6600000)
 ParOldGen       total 139264K, used 97668K [0x00000000a0000000, 0x00000000a8800000, 0x00000000e0000000)
  object space 139264K, 70% used [0x00000000a0000000,0x00000000a5f612c0,0x00000000a8800000)
 Metaspace       used 94795K, capacity 98315K, committed 98496K, reserved 1134592K
  class space    used 12382K, capacity 13161K, committed 13184K, reserved 1048576K
Event: 23.951 GC heap after
Heap after GC invocations=21 (full 4):
 PSYoungGen      total 283136K, used 0K [0x00000000e0000000, 0x00000000f6600000, 0x0000000100000000)
  eden space 240128K, 0% used [0x00000000e0000000,0x00000000e0000000,0x00000000eea80000)
  from space 43008K, 0% used [0x00000000eea80000,0x00000000eea80000,0x00000000f1480000)
  to   space 44544K, 0% used [0x00000000f3a80000,0x00000000f3a80000,0x00000000f6600000)
 ParOldGen       total 139264K, used 108185K [0x00000000a0000000, 0x00000000a8800000, 0x00000000e0000000)
  object space 139264K, 77% used [0x00000000a0000000,0x00000000a69a6668,0x00000000a8800000)
 Metaspace       used 94721K, capacity 98089K, committed 98496K, reserved 1134592K
  class space    used 12360K, capacity 13121K, committed 13184K, reserved 1048576K
}
Event: 31.137 GC heap before
{Heap before GC invocations=22 (full 4):
 PSYoungGen      total 283136K, used 240128K [0x00000000e0000000, 0x00000000f6600000, 0x0000000100000000)
  eden space 240128K, 100% used [0x00000000e0000000,0x00000000eea80000,0x00000000eea80000)
  from space 43008K, 0% used [0x00000000eea80000,0x00000000eea80000,0x00000000f1480000)
  to   space 44544K, 0% used [0x00000000f3a80000,0x00000000f3a80000,0x00000000f6600000)
 ParOldGen       total 139264K, used 108185K [0x00000000a0000000, 0x00000000a8800000, 0x00000000e0000000)
  object space 139264K, 77% used [0x00000000a0000000,0x00000000a69a6668,0x00000000a8800000)
 Metaspace       used 114563K, capacity 118553K, committed 119000K, reserved 1153024K
  class space    used 14595K, capacity 15491K, committed 15616K, reserved 1048576K
Event: 31.194 GC heap after
Heap after GC invocations=22 (full 4):
 PSYoungGen      total 312320K, used 44518K [0x00000000e0000000, 0x00000000f7580000, 0x0000000100000000)
  eden space 267776K, 0% used [0x00000000e0000000,0x00000000e0000000,0x00000000f0580000)
  from space 44544K, 99% used [0x00000000f3a80000,0x00000000f65f98e0,0x00000000f6600000)
  to   space 54272K, 0% used [0x00000000f0580000,0x00000000f0580000,0x00000000f3a80000)
 ParOldGen       total 139264K, used 116430K [0x00000000a0000000, 0x00000000a8800000, 0x00000000e0000000)
  object space 139264K, 83% used [0x00000000a0000000,0x00000000a71b3b90,0x00000000a8800000)
 Metaspace       used 114563K, capacity 118553K, committed 119000K, reserved 1153024K
  class space    used 14595K, capacity 15491K, committed 15616K, reserved 1048576K
}

